<?xml version="1.0" encoding="UTF-8"?>
<!-- Generated by org.testng.reporters.JUnitReportReporter -->
<testsuite hostname="DESKTOP-HE32O0P" name="Get_test_Case.List_User" tests="4" failures="0" timestamp="3 Jan 2020 11:08:33 GMT" time="2.187" errors="0">
  <testcase name="List_of_user" time="2.181" classname="Get_test_Case.List_User"/>
  <testcase name="status_code" time="0.003" classname="Get_test_Case.List_User"/>
  <testcase name="status_line" time="0.002" classname="Get_test_Case.List_User"/>
  <testcase name="set_up" time="0.001" classname="Get_test_Case.List_User"/>
</testsuite> <!-- Get_test_Case.List_User -->
