<?xml version="1.0" encoding="UTF-8"?>
<!-- Generated by org.testng.reporters.JUnitReportReporter -->
<testsuite hostname="DESKTOP-HE32O0P" name="Utilites.GET" tests="1" failures="0" timestamp="3 Jan 2020 05:52:22 GMT" time="2.842" errors="0">
  <testcase name="get_opertaion" time="2.842" classname="Utilites.GET"/>
</testsuite> <!-- Utilites.GET -->
