<?xml version="1.0" encoding="UTF-8"?>
<!-- Generated by org.testng.reporters.JUnitReportReporter -->
<testsuite hostname="DESKTOP-HE32O0P" name="Demo.A" tests="1" failures="0" timestamp="3 Jan 2020 06:04:01 GMT" time="0.009" errors="0">
  <testcase name="test" time="0.009" classname="Demo.A"/>
</testsuite> <!-- Demo.A -->
